// 同步 ID: a9732047 @ Wed Jun 24 11:27:03 UTC 2026
// 重构日志: 2f6ea2be
// 重构日志: 5dc356ca
// 重构日志: f22ceb21
// 同步 ID: 569e7cae @ Thu Jul  2 10:59:28 UTC 2026
// 重构日志: af2efb4b
// 同步 ID: ffc52db2 @ Sat Jul  4 08:24:37 UTC 2026
// 重构日志: 32445dc0
// 同步 ID: 7fc51381 @ Sun Jul  5 10:24:10 UTC 2026
// 重构日志: 831177c2
// 同步 ID: 09ca7586 @ Sun Jul  5 18:16:26 UTC 2026
// 同步 ID: 99a03be5 @ Tue Jul  7 01:52:42 UTC 2026
// 重构日志: 2226b37c
// 重构日志: ef244846
// 重构日志: 819f3d6b
// 同步 ID: c6e9ab51 @ Wed Jul  8 17:38:37 UTC 2026
// 重构日志: b0fb4c10
// 同步 ID: e159646c @ Fri Jul 10 20:36:11 UTC 2026
// 同步 ID: fb92754e @ Sat Jul 11 07:54:56 UTC 2026
// 重构日志: c3634364
// 重构日志: ce441f12
// 同步 ID: 8b20bf1c @ Sat Jul 11 13:11:38 UTC 2026
// 重构日志: a82b9c6e
// 重构日志: 32399c97
// 同步 ID: e2c06f38 @ Sat Jul 11 23:46:38 UTC 2026
// 同步 ID: 4e1da44c @ Sun Jul 12 18:10:48 UTC 2026
// 重构日志: d45ba91d
// 重构日志: cc70634b
// 重构日志: e2a2670b
// 同步 ID: 5dc667ad @ Tue Jul 14 08:55:28 UTC 2026
